stdio    D         file_stdio.c:110  file_stdio_fopen                 [   0.00000] opening C:\Users\user\OneDrive\Desktop\FinalProject\FinalProject\bin\Debug\allegro5.cfg r
system   D            wsystem.c:874  _al_win_safe_load_library        [   0.00000] PathFindOnPath found: C:\WINDOWS\system32\shcore.dll
system   D            wsystem.c:780  load_library_at_path             [   0.00000] Calling LoadLibrary C:\WINDOWS\system32\shcore.dll
system   I            wsystem.c:783  load_library_at_path             [   0.00000] Loaded C:\WINDOWS\system32\shcore.dll
system   I             system.c:271  al_install_system                [   0.00000] Allegro version: 5.2.7
system   D            wsystem.c:874  _al_win_safe_load_library        [   0.00162] PathFindOnPath found: C:\WINDOWS\system32\d3d9.dll
system   D            wsystem.c:780  load_library_at_path             [   0.00164] Calling LoadLibrary C:\WINDOWS\system32\d3d9.dll
system   I            wsystem.c:783  load_library_at_path             [   0.00252] Loaded C:\WINDOWS\system32\d3d9.dll
d3d      I         d3d_disp.cpp:684  d3d_init_display                 [   0.03530] Render-to-texture: 1
d3d      I         d3d_disp.cpp:1782 d3d_create_display_locked        [   0.03592] faux_fullscreen=0
d3d      D         d3d_disp.cpp:1783 d3d_create_display_locked        [   0.03594] al_display=0000000000749ac0
d3d      D         d3d_disp.cpp:1784 d3d_create_display_locked        [   0.03595] al_display->vt=00000000028c6e50
d3d      I d3d_display_formats.cpp:144  _al_d3d_generate_display_format_list [   0.03848] found 160 format combinations
display  D   display_settings.c:212  debug_display_settings           [   0.03850] color: 32 (rgba 8880), depth: 0, stencil: 0, acc: 0000, samples: 0/0
display  D   display_settings.c:527  _al_score_display_settings       [   0.03852] Score is : 897
display  D   display_settings.c:212  debug_display_settings           [   0.03852] color: 32 (rgba 8880), depth: 0, stencil: 0, acc: 0000, samples: 0/0
display  D   display_settings.c:527  _al_score_display_settings       [   0.03853] Score is : 897
display  D   display_settings.c:212  debug_display_settings           [   0.03854] color: 32 (rgba 8880), depth: 0, stencil: 0, acc: 0000, samples: 2/1
display  D   display_settings.c:527  _al_score_display_settings       [   0.03855] Score is : 726
display  D   display_settings.c:212  debug_display_settings           [   0.03855] color: 32 (rgba 8880), depth: 0, stencil: 0, acc: 0000, samples: 3/1
display  D   display_settings.c:527  _al_score_display_settings       [   0.03857] Score is : 721
display  D   display_settings.c:212  debug_display_settings           [   0.03858] color: 32 (rgba 8880), depth: 0, stencil: 0, acc: 0000, samples: 4/1
display  D   display_settings.c:527  _al_score_display_settings       [   0.03858] Score is : 717
display  D   display_settings.c:212  debug_display_settings           [   0.03859] color: 32 (rgba 8880), depth: 24, stencil: 8, acc: 0000, samples: 0/0
display  D   display_settings.c:527  _al_score_display_settings       [   0.03860] Score is : 897
display  D   display_settings.c:212  debug_display_settings           [   0.03861] color: 32 (rgba 8880), depth: 24, stencil: 8, acc: 0000, samples: 0/0
display  D   display_settings.c:527  _al_score_display_settings       [   0.03861] Score is : 897
display  D   display_settings.c:212  debug_display_settings           [   0.03862] color: 32 (rgba 8880), depth: 24, stencil: 8, acc: 0000, samples: 2/1
display  D   display_settings.c:527  _al_score_display_settings       [   0.03863] Score is : 726
display  D   display_settings.c:212  debug_display_settings           [   0.03864] color: 32 (rgba 8880), depth: 24, stencil: 8, acc: 0000, samples: 3/1
display  D   display_settings.c:527  _al_score_display_settings       [   0.03864] Score is : 721
display  D   display_settings.c:212  debug_display_settings           [   0.03865] color: 32 (rgba 8880), depth: 24, stencil: 8, acc: 0000, samples: 4/1
display  D   display_settings.c:527  _al_score_display_settings       [   0.03866] Score is : 717
display  D   display_settings.c:212  debug_display_settings           [   0.03870] color: 32 (rgba 8880), depth: 24, stencil: 0, acc: 0000, samples: 0/0
display  D   display_settings.c:527  _al_score_display_settings       [   0.03871] Score is : 897
display  D   display_settings.c:212  debug_display_settings           [   0.03871] color: 32 (rgba 8880), depth: 24, stencil: 0, acc: 0000, samples: 0/0
display  D   display_settings.c:527  _al_score_display_settings       [   0.03872] Score is : 897
display  D   display_settings.c:212  debug_display_settings           [   0.03873] color: 32 (rgba 8880), depth: 24, stencil: 0, acc: 0000, samples: 2/1
display  D   display_settings.c:527  _al_score_display_settings       [   0.03874] Score is : 726
display  D   display_settings.c:212  debug_display_settings           [   0.03874] color: 32 (rgba 8880), depth: 24, stencil: 0, acc: 0000, samples: 3/1
display  D   display_settings.c:527  _al_score_display_settings       [   0.03875] Score is : 721
display  D   display_settings.c:212  debug_display_settings           [   0.03876] color: 32 (rgba 8880), depth: 24, stencil: 0, acc: 0000, samples: 4/1
display  D   display_settings.c:527  _al_score_display_settings       [   0.03877] Score is : 717
display  D   display_settings.c:212  debug_display_settings           [   0.03877] color: 32 (rgba 8880), depth: 16, stencil: 0, acc: 0000, samples: 0/0
display  D   display_settings.c:527  _al_score_display_settings       [   0.03878] Score is : 897
display  D   display_settings.c:212  debug_display_settings           [   0.03879] color: 32 (rgba 8880), depth: 16, stencil: 0, acc: 0000, samples: 0/0
display  D   display_settings.c:527  _al_score_display_settings       [   0.03880] Score is : 897
display  D   display_settings.c:212  debug_display_settings           [   0.03880] color: 32 (rgba 8880), depth: 16, stencil: 0, acc: 0000, samples: 2/1
display  D   display_settings.c:527  _al_score_display_settings       [   0.03881] Score is : 726
display  D   display_settings.c:212  debug_display_settings           [   0.03882] color: 32 (rgba 8880), depth: 16, stencil: 0, acc: 0000, samples: 3/1
display  D   display_settings.c:527  _al_score_display_settings       [   0.03883] Score is : 721
display  D   display_settings.c:212  debug_display_settings           [   0.03883] color: 32 (rgba 8880), depth: 16, stencil: 0, acc: 0000, samples: 4/1
display  D   display_settings.c:527  _al_score_display_settings       [   0.03884] Score is : 717
display  D   display_settings.c:212  debug_display_settings           [   0.03885] color: 16 (rgba 5650), depth: 0, stencil: 0, acc: 0000, samples: 0/0
display  D   display_settings.c:527  _al_score_display_settings       [   0.03886] Score is : 897
display  D   display_settings.c:212  debug_display_settings           [   0.03886] color: 16 (rgba 5650), depth: 0, stencil: 0, acc: 0000, samples: 0/0
display  D   display_settings.c:527  _al_score_display_settings       [   0.03887] Score is : 897
display  D   display_settings.c:212  debug_display_settings           [   0.03888] color: 16 (rgba 5650), depth: 0, stencil: 0, acc: 0000, samples: 2/1
display  D   display_settings.c:527  _al_score_display_settings       [   0.03889] Score is : 726
display  D   display_settings.c:212  debug_display_settings           [   0.03889] color: 16 (rgba 5650), depth: 0, stencil: 0, acc: 0000, samples: 3/1
display  D   display_settings.c:527  _al_score_display_settings       [   0.03890] Score is : 721
display  D   display_settings.c:212  debug_display_settings           [   0.03891] color: 16 (rgba 5650), depth: 0, stencil: 0, acc: 0000, samples: 4/1
display  D   display_settings.c:527  _al_score_display_settings       [   0.03892] Score is : 717
display  D   display_settings.c:212  debug_display_settings           [   0.03892] color: 16 (rgba 5650), depth: 24, stencil: 8, acc: 0000, samples: 0/0
display  D   display_settings.c:527  _al_score_display_settings       [   0.03893] Score is : 897
display  D   display_settings.c:212  debug_display_settings           [   0.03894] color: 16 (rgba 5650), depth: 24, stencil: 8, acc: 0000, samples: 0/0
display  D   display_settings.c:527  _al_score_display_settings       [   0.03895] Score is : 897
display  D   display_settings.c:212  debug_display_settings           [   0.03895] color: 16 (rgba 5650), depth: 24, stencil: 8, acc: 0000, samples: 2/1
display  D   display_settings.c:527  _al_score_display_settings       [   0.03896] Score is : 726
display  D   display_settings.c:212  debug_display_settings           [   0.03897] color: 16 (rgba 5650), depth: 24, stencil: 8, acc: 0000, samples: 3/1
display  D   display_settings.c:527  _al_score_display_settings       [   0.03898] Score is : 721
display  D   display_settings.c:212  debug_display_settings           [   0.03898] color: 16 (rgba 5650), depth: 24, stencil: 8, acc: 0000, samples: 4/1
display  D   display_settings.c:527  _al_score_display_settings       [   0.03899] Score is : 717
display  D   display_settings.c:212  debug_display_settings           [   0.03900] color: 16 (rgba 5650), depth: 24, stencil: 0, acc: 0000, samples: 0/0
display  D   display_settings.c:527  _al_score_display_settings       [   0.03901] Score is : 897
display  D   display_settings.c:212  debug_display_settings           [   0.03901] color: 16 (rgba 5650), depth: 24, stencil: 0, acc: 0000, samples: 0/0
display  D   display_settings.c:527  _al_score_display_settings       [   0.03902] Score is : 897
display  D   display_settings.c:212  debug_display_settings           [   0.03903] color: 16 (rgba 5650), depth: 24, stencil: 0, acc: 0000, samples: 2/1
display  D   display_settings.c:527  _al_score_display_settings       [   0.03904] Score is : 726
display  D   display_settings.c:212  debug_display_settings           [   0.03904] color: 16 (rgba 5650), depth: 24, stencil: 0, acc: 0000, samples: 3/1
display  D   display_settings.c:527  _al_score_display_settings       [   0.03905] Score is : 721
display  D   display_settings.c:212  debug_display_settings           [   0.03906] color: 16 (rgba 5650), depth: 24, stencil: 0, acc: 0000, samples: 4/1
display  D   display_settings.c:527  _al_score_display_settings       [   0.03907] Score is : 717
display  D   display_settings.c:212  debug_display_settings           [   0.03907] color: 16 (rgba 5650), depth: 16, stencil: 0, acc: 0000, samples: 0/0
display  D   display_settings.c:527  _al_score_display_settings       [   0.03908] Score is : 897
display  D   display_settings.c:212  debug_display_settings           [   0.03909] color: 16 (rgba 5650), depth: 16, stencil: 0, acc: 0000, samples: 0/0
display  D   display_settings.c:527  _al_score_display_settings       [   0.03910] Score is : 897
display  D   display_settings.c:212  debug_display_settings           [   0.03910] color: 16 (rgba 5650), depth: 16, stencil: 0, acc: 0000, samples: 2/1
display  D   display_settings.c:527  _al_score_display_settings       [   0.03911] Score is : 726
display  D   display_settings.c:212  debug_display_settings           [   0.03912] color: 16 (rgba 5650), depth: 16, stencil: 0, acc: 0000, samples: 3/1
display  D   display_settings.c:527  _al_score_display_settings       [   0.03913] Score is : 721
display  D   display_settings.c:212  debug_display_settings           [   0.03913] color: 16 (rgba 5650), depth: 16, stencil: 0, acc: 0000, samples: 4/1
display  D   display_settings.c:527  _al_score_display_settings       [   0.03914] Score is : 717
display  D   display_settings.c:212  debug_display_settings           [   0.03915] color: 32 (rgba 8880), depth: 0, stencil: 0, acc: 0000, samples: 0/0
display  D   display_settings.c:398  _al_score_display_settings       [   0.03916] Single Buffer requirement not met.
display  D   display_settings.c:212  debug_display_settings           [   0.03916] color: 32 (rgba 8880), depth: 0, stencil: 0, acc: 0000, samples: 0/0
display  D   display_settings.c:398  _al_score_display_settings       [   0.03918] Single Buffer requirement not met.
display  D   display_settings.c:212  debug_display_settings           [   0.03918] color: 32 (rgba 8880), depth: 0, stencil: 0, acc: 0000, samples: 2/1
display  D   display_settings.c:398  _al_score_display_settings       [   0.03919] Single Buffer requirement not met.
display  D   display_settings.c:212  debug_display_settings           [   0.03920] color: 32 (rgba 8880), depth: 0, stencil: 0, acc: 0000, samples: 3/1
display  D   display_settings.c:398  _al_score_display_settings       [   0.03921] Single Buffer requirement not met.
display  D   display_settings.c:212  debug_display_settings           [   0.03922] color: 32 (rgba 8880), depth: 0, stencil: 0, acc: 0000, samples: 4/1
display  D   display_settings.c:398  _al_score_display_settings       [   0.03922] Single Buffer requirement not met.
display  D   display_settings.c:212  debug_display_settings           [   0.03923] color: 32 (rgba 8880), depth: 24, stencil: 8, acc: 0000, samples: 0/0
display  D   display_settings.c:398  _al_score_display_settings       [   0.03924] Single Buffer requirement not met.
display  D   display_settings.c:212  debug_display_settings           [   0.03925] color: 32 (rgba 8880), depth: 24, stencil: 8, acc: 0000, samples: 0/0
display  D   display_settings.c:398  _al_score_display_settings       [   0.03925] Single Buffer requirement not met.
display  D   display_settings.c:212  debug_display_settings           [   0.03926] color: 32 (rgba 8880), depth: 24, stencil: 8, acc: 0000, samples: 2/1
display  D   display_settings.c:398  _al_score_display_settings       [   0.03927] Single Buffer requirement not met.
display  D   display_settings.c:212  debug_display_settings           [   0.03928] color: 32 (rgba 8880), depth: 24, stencil: 8, acc: 0000, samples: 3/1
display  D   display_settings.c:398  _al_score_display_settings       [   0.03928] Single Buffer requirement not met.
display  D   display_settings.c:212  debug_display_settings           [   0.03929] color: 32 (rgba 8880), depth: 24, stencil: 8, acc: 0000, samples: 4/1
display  D   display_settings.c:398  _al_score_display_settings       [   0.03930] Single Buffer requirement not met.
display  D   display_settings.c:212  debug_display_settings           [   0.03931] color: 32 (rgba 8880), depth: 24, stencil: 0, acc: 0000, samples: 0/0
display  D   display_settings.c:398  _al_score_display_settings       [   0.03931] Single Buffer requirement not met.
display  D   display_settings.c:212  debug_display_settings           [   0.03932] color: 32 (rgba 8880), depth: 24, stencil: 0, acc: 0000, samples: 0/0
display  D   display_settings.c:398  _al_score_display_settings       [   0.03933] Single Buffer requirement not met.
display  D   display_settings.c:212  debug_display_settings           [   0.03934] color: 32 (rgba 8880), depth: 24, stencil: 0, acc: 0000, samples: 2/1
display  D   display_settings.c:398  _al_score_display_settings       [   0.03934] Single Buffer requirement not met.
display  D   display_settings.c:212  debug_display_settings           [   0.03935] color: 32 (rgba 8880), depth: 24, stencil: 0, acc: 0000, samples: 3/1
display  D   display_settings.c:398  _al_score_display_settings       [   0.03936] Single Buffer requirement not met.
display  D   display_settings.c:212  debug_display_settings           [   0.03937] color: 32 (rgba 8880), depth: 24, stencil: 0, acc: 0000, samples: 4/1
display  D   display_settings.c:398  _al_score_display_settings       [   0.03937] Single Buffer requirement not met.
display  D   display_settings.c:212  debug_display_settings           [   0.03938] color: 32 (rgba 8880), depth: 16, stencil: 0, acc: 0000, samples: 0/0
display  D   display_settings.c:398  _al_score_display_settings       [   0.03939] Single Buffer requirement not met.
display  D   display_settings.c:212  debug_display_settings           [   0.03940] color: 32 (rgba 8880), depth: 16, stencil: 0, acc: 0000, samples: 0/0
display  D   display_settings.c:398  _al_score_display_settings       [   0.03940] Single Buffer requirement not met.
display  D   display_settings.c:212  debug_display_settings           [   0.03942] color: 32 (rgba 8880), depth: 16, stencil: 0, acc: 0000, samples: 2/1
display  D   display_settings.c:398  _al_score_display_settings       [   0.03944] Single Buffer requirement not met.
display  D   display_settings.c:212  debug_display_settings           [   0.03945] color: 32 (rgba 8880), depth: 16, stencil: 0, acc: 0000, samples: 3/1
display  D   display_settings.c:398  _al_score_display_settings       [   0.03945] Single Buffer requirement not met.
display  D   display_settings.c:212  debug_display_settings           [   0.03946] color: 32 (rgba 8880), depth: 16, stencil: 0, acc: 0000, samples: 4/1
display  D   display_settings.c:398  _al_score_display_settings       [   0.03947] Single Buffer requirement not met.
display  D   display_settings.c:212  debug_display_settings           [   0.03948] color: 16 (rgba 5650), depth: 0, stencil: 0, acc: 0000, samples: 0/0
display  D   display_settings.c:398  _al_score_display_settings       [   0.03948] Single Buffer requirement not met.
display  D   display_settings.c:212  debug_display_settings           [   0.03949] color: 16 (rgba 5650), depth: 0, stencil: 0, acc: 0000, samples: 0/0
display  D   display_settings.c:398  _al_score_display_settings       [   0.03950] Single Buffer requirement not met.
display  D   display_settings.c:212  debug_display_settings           [   0.03951] color: 16 (rgba 5650), depth: 0, stencil: 0, acc: 0000, samples: 2/1
display  D   display_settings.c:398  _al_score_display_settings       [   0.03951] Single Buffer requirement not met.
display  D   display_settings.c:212  debug_display_settings           [   0.03952] color: 16 (rgba 5650), depth: 0, stencil: 0, acc: 0000, samples: 3/1
display  D   display_settings.c:398  _al_score_display_settings       [   0.03953] Single Buffer requirement not met.
display  D   display_settings.c:212  debug_display_settings           [   0.03954] color: 16 (rgba 5650), depth: 0, stencil: 0, acc: 0000, samples: 4/1
display  D   display_settings.c:398  _al_score_display_settings       [   0.03954] Single Buffer requirement not met.
display  D   display_settings.c:212  debug_display_settings           [   0.03955] color: 16 (rgba 5650), depth: 24, stencil: 8, acc: 0000, samples: 0/0
display  D   display_settings.c:398  _al_score_display_settings       [   0.03956] Single Buffer requirement not met.
display  D   display_settings.c:212  debug_display_settings           [   0.03957] color: 16 (rgba 5650), depth: 24, stencil: 8, acc: 0000, samples: 0/0
display  D   display_settings.c:398  _al_score_display_settings       [   0.03958] Single Buffer requirement not met.
display  D   display_settings.c:212  debug_display_settings           [   0.03958] color: 16 (rgba 5650), depth: 24, stencil: 8, acc: 0000, samples: 2/1
display  D   display_settings.c:398  _al_score_display_settings       [   0.03959] Single Buffer requirement not met.
display  D   display_settings.c:212  debug_display_settings           [   0.03960] color: 16 (rgba 5650), depth: 24, stencil: 8, acc: 0000, samples: 3/1
display  D   display_settings.c:398  _al_score_display_settings       [   0.03961] Single Buffer requirement not met.
display  D   display_settings.c:212  debug_display_settings           [   0.03961] color: 16 (rgba 5650), depth: 24, stencil: 8, acc: 0000, samples: 4/1
display  D   display_settings.c:398  _al_score_display_settings       [   0.03962] Single Buffer requirement not met.
display  D   display_settings.c:212  debug_display_settings           [   0.03963] color: 16 (rgba 5650), depth: 24, stencil: 0, acc: 0000, samples: 0/0
display  D   display_settings.c:398  _al_score_display_settings       [   0.03964] Single Buffer requirement not met.
display  D   display_settings.c:212  debug_display_settings           [   0.03964] color: 16 (rgba 5650), depth: 24, stencil: 0, acc: 0000, samples: 0/0
display  D   display_settings.c:398  _al_score_display_settings       [   0.03965] Single Buffer requirement not met.
display  D   display_settings.c:212  debug_display_settings           [   0.03966] color: 16 (rgba 5650), depth: 24, stencil: 0, acc: 0000, samples: 2/1
display  D   display_settings.c:398  _al_score_display_settings       [   0.03967] Single Buffer requirement not met.
display  D   display_settings.c:212  debug_display_settings           [   0.03968] color: 16 (rgba 5650), depth: 24, stencil: 0, acc: 0000, samples: 3/1
display  D   display_settings.c:398  _al_score_display_settings       [   0.03968] Single Buffer requirement not met.
display  D   display_settings.c:212  debug_display_settings           [   0.03969] color: 16 (rgba 5650), depth: 24, stencil: 0, acc: 0000, samples: 4/1
display  D   display_settings.c:398  _al_score_display_settings       [   0.03970] Single Buffer requirement not met.
display  D   display_settings.c:212  debug_display_settings           [   0.03971] color: 16 (rgba 5650), depth: 16, stencil: 0, acc: 0000, samples: 0/0
display  D   display_settings.c:398  _al_score_display_settings       [   0.03972] Single Buffer requirement not met.
display  D   display_settings.c:212  debug_display_settings           [   0.03972] color: 16 (rgba 5650), depth: 16, stencil: 0, acc: 0000, samples: 0/0
display  D   display_settings.c:398  _al_score_display_settings       [   0.03973] Single Buffer requirement not met.
display  D   display_settings.c:212  debug_display_settings           [   0.03974] color: 16 (rgba 5650), depth: 16, stencil: 0, acc: 0000, samples: 2/1
display  D   display_settings.c:398  _al_score_display_settings       [   0.03975] Single Buffer requirement not met.
display  D   display_settings.c:212  debug_display_settings           [   0.03975] color: 16 (rgba 5650), depth: 16, stencil: 0, acc: 0000, samples: 3/1
display  D   display_settings.c:398  _al_score_display_settings       [   0.03976] Single Buffer requirement not met.
display  D   display_settings.c:212  debug_display_settings           [   0.03977] color: 16 (rgba 5650), depth: 16, stencil: 0, acc: 0000, samples: 4/1
display  D   display_settings.c:398  _al_score_display_settings       [   0.03978] Single Buffer requirement not met.
display  D   display_settings.c:212  debug_display_settings           [   0.03979] color: 32 (rgba 8880), depth: 0, stencil: 0, acc: 0000, samples: 0/0
display  D   display_settings.c:527  _al_score_display_settings       [   0.03980] Score is : 769
display  D   display_settings.c:212  debug_display_settings           [   0.03980] color: 32 (rgba 8880), depth: 0, stencil: 0, acc: 0000, samples: 0/0
display  D   display_settings.c:527  _al_score_display_settings       [   0.03981] Score is : 769
display  D   display_settings.c:212  debug_display_settings           [   0.03982] color: 32 (rgba 8880), depth: 0, stencil: 0, acc: 0000, samples: 2/1
display  D   display_settings.c:527  _al_score_display_settings       [   0.03983] Score is : 598
display  D   display_settings.c:212  debug_display_settings           [   0.03983] color: 32 (rgba 8880), depth: 0, stencil: 0, acc: 0000, samples: 3/1
display  D   display_settings.c:527  _al_score_display_settings       [   0.03984] Score is : 593
display  D   display_settings.c:212  debug_display_settings           [   0.03985] color: 32 (rgba 8880), depth: 0, stencil: 0, acc: 0000, samples: 4/1
display  D   display_settings.c:527  _al_score_display_settings       [   0.03986] Score is : 589
display  D   display_settings.c:212  debug_display_settings           [   0.03986] color: 32 (rgba 8880), depth: 24, stencil: 8, acc: 0000, samples: 0/0
display  D   display_settings.c:527  _al_score_display_settings       [   0.03987] Score is : 769
display  D   display_settings.c:212  debug_display_settings           [   0.03988] color: 32 (rgba 8880), depth: 24, stencil: 8, acc: 0000, samples: 0/0
display  D   display_settings.c:527  _al_score_display_settings       [   0.03989] Score is : 769
display  D   display_settings.c:212  debug_display_settings           [   0.03989] color: 32 (rgba 8880), depth: 24, stencil: 8, acc: 0000, samples: 2/1
display  D   display_settings.c:527  _al_score_display_settings       [   0.03990] Score is : 598
display  D   display_settings.c:212  debug_display_settings           [   0.03991] color: 32 (rgba 8880), depth: 24, stencil: 8, acc: 0000, samples: 3/1
display  D   display_settings.c:527  _al_score_display_settings       [   0.03992] Score is : 593
display  D   display_settings.c:212  debug_display_settings           [   0.03992] color: 32 (rgba 8880), depth: 24, stencil: 8, acc: 0000, samples: 4/1
display  D   display_settings.c:527  _al_score_display_settings       [   0.03993] Score is : 589
display  D   display_settings.c:212  debug_display_settings           [   0.03994] color: 32 (rgba 8880), depth: 24, stencil: 0, acc: 0000, samples: 0/0
display  D   display_settings.c:527  _al_score_display_settings       [   0.03995] Score is : 769
display  D   display_settings.c:212  debug_display_settings           [   0.03995] color: 32 (rgba 8880), depth: 24, stencil: 0, acc: 0000, samples: 0/0
display  D   display_settings.c:527  _al_score_display_settings       [   0.03996] Score is : 769
display  D   display_settings.c:212  debug_display_settings           [   0.03997] color: 32 (rgba 8880), depth: 24, stencil: 0, acc: 0000, samples: 2/1
display  D   display_settings.c:527  _al_score_display_settings       [   0.03998] Score is : 598
display  D   display_settings.c:212  debug_display_settings           [   0.03998] color: 32 (rgba 8880), depth: 24, stencil: 0, acc: 0000, samples: 3/1
display  D   display_settings.c:527  _al_score_display_settings       [   0.03999] Score is : 593
display  D   display_settings.c:212  debug_display_settings           [   0.04000] color: 32 (rgba 8880), depth: 24, stencil: 0, acc: 0000, samples: 4/1
display  D   display_settings.c:527  _al_score_display_settings       [   0.04000] Score is : 589
display  D   display_settings.c:212  debug_display_settings           [   0.04001] color: 32 (rgba 8880), depth: 16, stencil: 0, acc: 0000, samples: 0/0
display  D   display_settings.c:527  _al_score_display_settings       [   0.04002] Score is : 769
display  D   display_settings.c:212  debug_display_settings           [   0.04003] color: 32 (rgba 8880), depth: 16, stencil: 0, acc: 0000, samples: 0/0
display  D   display_settings.c:527  _al_score_display_settings       [   0.04003] Score is : 769
display  D   display_settings.c:212  debug_display_settings           [   0.04004] color: 32 (rgba 8880), depth: 16, stencil: 0, acc: 0000, samples: 2/1
display  D   display_settings.c:527  _al_score_display_settings       [   0.04005] Score is : 598
display  D   display_settings.c:212  debug_display_settings           [   0.04006] color: 32 (rgba 8880), depth: 16, stencil: 0, acc: 0000, samples: 3/1
display  D   display_settings.c:527  _al_score_display_settings       [   0.04006] Score is : 593
display  D   display_settings.c:212  debug_display_settings           [   0.04007] color: 32 (rgba 8880), depth: 16, stencil: 0, acc: 0000, samples: 4/1
display  D   display_settings.c:527  _al_score_display_settings       [   0.04008] Score is : 589
display  D   display_settings.c:212  debug_display_settings           [   0.04009] color: 16 (rgba 5650), depth: 0, stencil: 0, acc: 0000, samples: 0/0
display  D   display_settings.c:527  _al_score_display_settings       [   0.04009] Score is : 769
display  D   display_settings.c:212  debug_display_settings           [   0.04010] color: 16 (rgba 5650), depth: 0, stencil: 0, acc: 0000, samples: 0/0
display  D   display_settings.c:527  _al_score_display_settings       [   0.04011] Score is : 769
display  D   display_settings.c:212  debug_display_settings           [   0.04012] color: 16 (rgba 5650), depth: 0, stencil: 0, acc: 0000, samples: 2/1
display  D   display_settings.c:527  _al_score_display_settings       [   0.04012] Score is : 598
display  D   display_settings.c:212  debug_display_settings           [   0.04013] color: 16 (rgba 5650), depth: 0, stencil: 0, acc: 0000, samples: 3/1
display  D   display_settings.c:527  _al_score_display_settings       [   0.04014] Score is : 593
display  D   display_settings.c:212  debug_display_settings           [   0.04025] color: 16 (rgba 5650), depth: 0, stencil: 0, acc: 0000, samples: 4/1
display  D   display_settings.c:527  _al_score_display_settings       [   0.04026] Score is : 589
display  D   display_settings.c:212  debug_display_settings           [   0.04027] color: 16 (rgba 5650), depth: 24, stencil: 8, acc: 0000, samples: 0/0
display  D   display_settings.c:527  _al_score_display_settings       [   0.04028] Score is : 769
display  D   display_settings.c:212  debug_display_settings           [   0.04028] color: 16 (rgba 5650), depth: 24, stencil: 8, acc: 0000, samples: 0/0
display  D   display_settings.c:527  _al_score_display_settings       [   0.04029] Score is : 769
display  D   display_settings.c:212  debug_display_settings           [   0.04030] color: 16 (rgba 5650), depth: 24, stencil: 8, acc: 0000, samples: 2/1
display  D   display_settings.c:527  _al_score_display_settings       [   0.04031] Score is : 598
display  D   display_settings.c:212  debug_display_settings           [   0.04032] color: 16 (rgba 5650), depth: 24, stencil: 8, acc: 0000, samples: 3/1
display  D   display_settings.c:527  _al_score_display_settings       [   0.04033] Score is : 593
display  D   display_settings.c:212  debug_display_settings           [   0.04033] color: 16 (rgba 5650), depth: 24, stencil: 8, acc: 0000, samples: 4/1
display  D   display_settings.c:527  _al_score_display_settings       [   0.04036] Score is : 589
display  D   display_settings.c:212  debug_display_settings           [   0.04040] color: 16 (rgba 5650), depth: 24, stencil: 0, acc: 0000, samples: 0/0
display  D   display_settings.c:527  _al_score_display_settings       [   0.04041] Score is : 769
display  D   display_settings.c:212  debug_display_settings           [   0.04042] color: 16 (rgba 5650), depth: 24, stencil: 0, acc: 0000, samples: 0/0
display  D   display_settings.c:527  _al_score_display_settings       [   0.04043] Score is : 769
display  D   display_settings.c:212  debug_display_settings           [   0.04044] color: 16 (rgba 5650), depth: 24, stencil: 0, acc: 0000, samples: 2/1
display  D   display_settings.c:527  _al_score_display_settings       [   0.04044] Score is : 598
display  D   display_settings.c:212  debug_display_settings           [   0.04045] color: 16 (rgba 5650), depth: 24, stencil: 0, acc: 0000, samples: 3/1
display  D   display_settings.c:527  _al_score_display_settings       [   0.04046] Score is : 593
display  D   display_settings.c:212  debug_display_settings           [   0.04047] color: 16 (rgba 5650), depth: 24, stencil: 0, acc: 0000, samples: 4/1
display  D   display_settings.c:527  _al_score_display_settings       [   0.04048] Score is : 589
display  D   display_settings.c:212  debug_display_settings           [   0.04048] color: 16 (rgba 5650), depth: 16, stencil: 0, acc: 0000, samples: 0/0
display  D   display_settings.c:527  _al_score_display_settings       [   0.04049] Score is : 769
display  D   display_settings.c:212  debug_display_settings           [   0.04050] color: 16 (rgba 5650), depth: 16, stencil: 0, acc: 0000, samples: 0/0
display  D   display_settings.c:527  _al_score_display_settings       [   0.04051] Score is : 769
display  D   display_settings.c:212  debug_display_settings           [   0.04052] color: 16 (rgba 5650), depth: 16, stencil: 0, acc: 0000, samples: 2/1
display  D   display_settings.c:527  _al_score_display_settings       [   0.04053] Score is : 598
display  D   display_settings.c:212  debug_display_settings           [   0.04053] color: 16 (rgba 5650), depth: 16, stencil: 0, acc: 0000, samples: 3/1
display  D   display_settings.c:527  _al_score_display_settings       [   0.04054] Score is : 593
display  D   display_settings.c:212  debug_display_settings           [   0.04055] color: 16 (rgba 5650), depth: 16, stencil: 0, acc: 0000, samples: 4/1
display  D   display_settings.c:527  _al_score_display_settings       [   0.04056] Score is : 589
display  D   display_settings.c:212  debug_display_settings           [   0.04057] color: 32 (rgba 8880), depth: 0, stencil: 0, acc: 0000, samples: 0/0
display  D   display_settings.c:398  _al_score_display_settings       [   0.04060] Single Buffer requirement not met.
display  D   display_settings.c:212  debug_display_settings           [   0.04061] color: 32 (rgba 8880), depth: 0, stencil: 0, acc: 0000, samples: 0/0
display  D   display_settings.c:398  _al_score_display_settings       [   0.04062] Single Buffer requirement not met.
display  D   display_settings.c:212  debug_display_settings           [   0.04063] color: 32 (rgba 8880), depth: 0, stencil: 0, acc: 0000, samples: 2/1
display  D   display_settings.c:398  _al_score_display_settings       [   0.04064] Single Buffer requirement not met.
display  D   display_settings.c:212  debug_display_settings           [   0.04065] color: 32 (rgba 8880), depth: 0, stencil: 0, acc: 0000, samples: 3/1
display  D   display_settings.c:398  _al_score_display_settings       [   0.04065] Single Buffer requirement not met.
display  D   display_settings.c:212  debug_display_settings           [   0.04066] color: 32 (rgba 8880), depth: 0, stencil: 0, acc: 0000, samples: 4/1
display  D   display_settings.c:398  _al_score_display_settings       [   0.04067] Single Buffer requirement not met.
display  D   display_settings.c:212  debug_display_settings           [   0.04068] color: 32 (rgba 8880), depth: 24, stencil: 8, acc: 0000, samples: 0/0
display  D   display_settings.c:398  _al_score_display_settings       [   0.04069] Single Buffer requirement not met.
display  D   display_settings.c:212  debug_display_settings           [   0.04069] color: 32 (rgba 8880), depth: 24, stencil: 8, acc: 0000, samples: 0/0
display  D   display_settings.c:398  _al_score_display_settings       [   0.04070] Single Buffer requirement not met.
display  D   display_settings.c:212  debug_display_settings           [   0.04071] color: 32 (rgba 8880), depth: 24, stencil: 8, acc: 0000, samples: 2/1
display  D   display_settings.c:398  _al_score_display_settings       [   0.04072] Single Buffer requirement not met.
display  D   display_settings.c:212  debug_display_settings           [   0.04073] color: 32 (rgba 8880), depth: 24, stencil: 8, acc: 0000, samples: 3/1
display  D   display_settings.c:398  _al_score_display_settings       [   0.04074] Single Buffer requirement not met.
display  D   display_settings.c:212  debug_display_settings           [   0.04074] color: 32 (rgba 8880), depth: 24, stencil: 8, acc: 0000, samples: 4/1
display  D   display_settings.c:398  _al_score_display_settings       [   0.04075] Single Buffer requirement not met.
display  D   display_settings.c:212  debug_display_settings           [   0.04076] color: 32 (rgba 8880), depth: 24, stencil: 0, acc: 0000, samples: 0/0
display  D   display_settings.c:398  _al_score_display_settings       [   0.04077] Single Buffer requirement not met.
display  D   display_settings.c:212  debug_display_settings           [   0.04078] color: 32 (rgba 8880), depth: 24, stencil: 0, acc: 0000, samples: 0/0
display  D   display_settings.c:398  _al_score_display_settings       [   0.04078] Single Buffer requirement not met.
display  D   display_settings.c:212  debug_display_settings           [   0.04079] color: 32 (rgba 8880), depth: 24, stencil: 0, acc: 0000, samples: 2/1
display  D   display_settings.c:398  _al_score_display_settings       [   0.04080] Single Buffer requirement not met.
display  D   display_settings.c:212  debug_display_settings           [   0.04081] color: 32 (rgba 8880), depth: 24, stencil: 0, acc: 0000, samples: 3/1
display  D   display_settings.c:398  _al_score_display_settings       [   0.04083] Single Buffer requirement not met.
display  D   display_settings.c:212  debug_display_settings           [   0.04085] color: 32 (rgba 8880), depth: 24, stencil: 0, acc: 0000, samples: 4/1
display  D   display_settings.c:398  _al_score_display_settings       [   0.04086] Single Buffer requirement not met.
display  D   display_settings.c:212  debug_display_settings           [   0.04087] color: 32 (rgba 8880), depth: 16, stencil: 0, acc: 0000, samples: 0/0
display  D   display_settings.c:398  _al_score_display_settings       [   0.04088] Single Buffer requirement not met.
display  D   display_settings.c:212  debug_display_settings           [   0.04088] color: 32 (rgba 8880), depth: 16, stencil: 0, acc: 0000, samples: 0/0
display  D   display_settings.c:398  _al_score_display_settings       [   0.04089] Single Buffer requirement not met.
display  D   display_settings.c:212  debug_display_settings           [   0.04090] color: 32 (rgba 8880), depth: 16, stencil: 0, acc: 0000, samples: 2/1
display  D   display_settings.c:398  _al_score_display_settings       [   0.04091] Single Buffer requirement not met.
display  D   display_settings.c:212  debug_display_settings           [   0.04092] color: 32 (rgba 8880), depth: 16, stencil: 0, acc: 0000, samples: 3/1
display  D   display_settings.c:398  _al_score_display_settings       [   0.04092] Single Buffer requirement not met.
display  D   display_settings.c:212  debug_display_settings           [   0.04093] color: 32 (rgba 8880), depth: 16, stencil: 0, acc: 0000, samples: 4/1
display  D   display_settings.c:398  _al_score_display_settings       [   0.04094] Single Buffer requirement not met.
display  D   display_settings.c:212  debug_display_settings           [   0.04095] color: 16 (rgba 5650), depth: 0, stencil: 0, acc: 0000, samples: 0/0
display  D   display_settings.c:398  _al_score_display_settings       [   0.04095] Single Buffer requirement not met.
display  D   display_settings.c:212  debug_display_settings           [   0.04096] color: 16 (rgba 5650), depth: 0, stencil: 0, acc: 0000, samples: 0/0
display  D   display_settings.c:398  _al_score_display_settings       [   0.04097] Single Buffer requirement not met.
display  D   display_settings.c:212  debug_display_settings           [   0.04098] color: 16 (rgba 5650), depth: 0, stencil: 0, acc: 0000, samples: 2/1
display  D   display_settings.c:398  _al_score_display_settings       [   0.04098] Single Buffer requirement not met.
display  D   display_settings.c:212  debug_display_settings           [   0.04099] color: 16 (rgba 5650), depth: 0, stencil: 0, acc: 0000, samples: 3/1
display  D   display_settings.c:398  _al_score_display_settings       [   0.04100] Single Buffer requirement not met.
display  D   display_settings.c:212  debug_display_settings           [   0.04101] color: 16 (rgba 5650), depth: 0, stencil: 0, acc: 0000, samples: 4/1
display  D   display_settings.c:398  _al_score_display_settings       [   0.04101] Single Buffer requirement not met.
display  D   display_settings.c:212  debug_display_settings           [   0.04102] color: 16 (rgba 5650), depth: 24, stencil: 8, acc: 0000, samples: 0/0
display  D   display_settings.c:398  _al_score_display_settings       [   0.04103] Single Buffer requirement not met.
display  D   display_settings.c:212  debug_display_settings           [   0.04104] color: 16 (rgba 5650), depth: 24, stencil: 8, acc: 0000, samples: 0/0
display  D   display_settings.c:398  _al_score_display_settings       [   0.04105] Single Buffer requirement not met.
display  D   display_settings.c:212  debug_display_settings           [   0.04105] color: 16 (rgba 5650), depth: 24, stencil: 8, acc: 0000, samples: 2/1
display  D   display_settings.c:398  _al_score_display_settings       [   0.04106] Single Buffer requirement not met.
display  D   display_settings.c:212  debug_display_settings           [   0.04107] color: 16 (rgba 5650), depth: 24, stencil: 8, acc: 0000, samples: 3/1
display  D   display_settings.c:398  _al_score_display_settings       [   0.04108] Single Buffer requirement not met.
display  D   display_settings.c:212  debug_display_settings           [   0.04108] color: 16 (rgba 5650), depth: 24, stencil: 8, acc: 0000, samples: 4/1
display  D   display_settings.c:398  _al_score_display_settings       [   0.04109] Single Buffer requirement not met.
display  D   display_settings.c:212  debug_display_settings           [   0.04110] color: 16 (rgba 5650), depth: 24, stencil: 0, acc: 0000, samples: 0/0
display  D   display_settings.c:398  _al_score_display_settings       [   0.04111] Single Buffer requirement not met.
display  D   display_settings.c:212  debug_display_settings           [   0.04111] color: 16 (rgba 5650), depth: 24, stencil: 0, acc: 0000, samples: 0/0
display  D   display_settings.c:398  _al_score_display_settings       [   0.04112] Single Buffer requirement not met.
display  D   display_settings.c:212  debug_display_settings           [   0.04113] color: 16 (rgba 5650), depth: 24, stencil: 0, acc: 0000, samples: 2/1
display  D   display_settings.c:398  _al_score_display_settings       [   0.04114] Single Buffer requirement not met.
display  D   display_settings.c:212  debug_display_settings           [   0.04114] color: 16 (rgba 5650), depth: 24, stencil: 0, acc: 0000, samples: 3/1
display  D   display_settings.c:398  _al_score_display_settings       [   0.04115] Single Buffer requirement not met.
display  D   display_settings.c:212  debug_display_settings           [   0.04116] color: 16 (rgba 5650), depth: 24, stencil: 0, acc: 0000, samples: 4/1
display  D   display_settings.c:398  _al_score_display_settings       [   0.04117] Single Buffer requirement not met.
display  D   display_settings.c:212  debug_display_settings           [   0.04117] color: 16 (rgba 5650), depth: 16, stencil: 0, acc: 0000, samples: 0/0
display  D   display_settings.c:398  _al_score_display_settings       [   0.04118] Single Buffer requirement not met.
display  D   display_settings.c:212  debug_display_settings           [   0.04119] color: 16 (rgba 5650), depth: 16, stencil: 0, acc: 0000, samples: 0/0
display  D   display_settings.c:398  _al_score_display_settings       [   0.04120] Single Buffer requirement not met.
display  D   display_settings.c:212  debug_display_settings           [   0.04120] color: 16 (rgba 5650), depth: 16, stencil: 0, acc: 0000, samples: 2/1
display  D   display_settings.c:398  _al_score_display_settings       [   0.04121] Single Buffer requirement not met.
display  D   display_settings.c:212  debug_display_settings           [   0.04122] color: 16 (rgba 5650), depth: 16, stencil: 0, acc: 0000, samples: 3/1
display  D   display_settings.c:398  _al_score_display_settings       [   0.04123] Single Buffer requirement not met.
display  D   display_settings.c:212  debug_display_settings           [   0.04123] color: 16 (rgba 5650), depth: 16, stencil: 0, acc: 0000, samples: 4/1
display  D   display_settings.c:398  _al_score_display_settings       [   0.04124] Single Buffer requirement not met.
d3d      D         d3d_disp.cpp:1682 d3d_create_display_internals     [   0.04126] Trying format 0.
d3d      I         d3d_disp.cpp:1358 d3d_display_thread_proc          [   0.04152] Chose a display format: 23
d3d      I         d3d_disp.cpp:1427 d3d_display_thread_proc          [   0.04155] Normal window.
d3d      I         d3d_disp.cpp:791  d3d_create_device                [   0.06346] Using no depth stencil buffer
d3d      D         d3d_disp.cpp:853  d3d_create_device                [   0.10831] BeginScene succeeded in create_device
d3d      D         d3d_disp.cpp:861  d3d_create_device                [   0.10835] Success
d3d      D         d3d_disp.cpp:1705 d3d_create_display_internals     [   0.10837] Resumed after wait.
d3d      I         d3d_disp.cpp:1738 d3d_create_display_internals     [   0.10841] Format 0 succeeded.
d3d      D         d3d_disp.cpp:1769 d3d_create_display_internals     [   0.10843] Returning d3d_display: 0000000000749ac0
d3d      D         d3d_disp.cpp:1794 d3d_create_display_locked        [   0.10844] al_display=0000000000749ac0
d3d      D         d3d_disp.cpp:1795 d3d_create_display_locked        [   0.10845] al_display->vt=00000000028c6e50
system   D            wsystem.c:874  _al_win_safe_load_library        [   0.10859] PathFindOnPath found: C:\WINDOWS\system32\d3dx9_43.dll
system   D            wsystem.c:780  load_library_at_path             [   0.10861] Calling LoadLibrary C:\WINDOWS\system32\d3dx9_43.dll
system   I            wsystem.c:783  load_library_at_path             [   0.10886] Loaded C:\WINDOWS\system32\d3dx9_43.dll
d3dx9    I        d3d_d3dx9.cpp:88   _imp_load_d3dx9_module_version   [   0.10888] Module "d3dx9_43.dll" loaded.
dtor     D               dtor.c:196  _al_register_destructor          [   0.10891] added dtor for queue 00000000028d9010, func 00007ffa88a8c5dc
dtor     D               dtor.c:196  _al_register_destructor          [   0.10892] added dtor for timer 00000000028d90e0, func 00007ffa88a9fb3b
audio-dsound I           dsound.cpp:271  _dsound_open                     [   0.10902] Starting DirectSound...
audio-dsound D           dsound.cpp:280  _dsound_open                     [   0.11753] DirectSoundCreate8 succeeded
audio-dsound I           dsound.cpp:73   get_window                       [   0.11757] Using desktop window: 0000000000010010
audio    I              audio.c:347  do_install_audio                 [   0.11795] Using DirectSound driver
stdio    D         file_stdio.c:110  file_stdio_fopen                 [   0.11797] opening Caviar_Dreams_Bold.ttf rb
font     E                ttf.c:995  al_load_ttf_font_stretch         [   0.11802] Unable to open file for reading: Caviar_Dreams_Bold.ttf
stdio    D         file_stdio.c:110  file_stdio_fopen                 [   0.11803] opening Caviar_Dreams_Bold.ttf rb
font     E                ttf.c:995  al_load_ttf_font_stretch         [   0.11805] Unable to open file for reading: Caviar_Dreams_Bold.ttf
stdio    D         file_stdio.c:110  file_stdio_fopen                 [   0.11806] opening Caviar_Dreams_Bold.ttf rb
font     E                ttf.c:995  al_load_ttf_font_stretch         [   0.11807] Unable to open file for reading: Caviar_Dreams_Bold.ttf
stdio    D         file_stdio.c:110  file_stdio_fopen                 [   0.11809] opening ./font/Consolas.ttf rb
font     D                ttf.c:943  al_load_ttf_font_stretch_f       [   0.11827] Font ./font/Consolas.ttf loaded with pixel size 0 x 20.
font     D                ttf.c:945  al_load_ttf_font_stretch_f       [   0.11828]     ascent=15.0, descent=-6.0, height=23.0
dtor     D               dtor.c:196  _al_register_destructor          [   0.11829] added dtor for ttf_font 00000000028d97e0, func 00007ffa88b84c05
d3d      I         d3d_disp.cpp:915  d3d_destroy_display              [   0.15194] destroying display 0000000000749ac0 (current 0000000000000000)
d3d      D         d3d_disp.cpp:899  d3d_destroy_display_internals    [   0.15495] waiting for display 0000000000749ac0's thread to end
d3d      W         d3d_disp.cpp:608  d3d_destroy_device               [   0.17254] d3d_destroy_device: ref count not 0
d3d      I         d3d_disp.cpp:1562 d3d_display_thread_proc          [   0.18351] d3d display thread exits
dtor     D               dtor.c:227  _al_unregister_destructor        [   0.18425] removed dtor for queue 00000000028d9010
dtor     D               dtor.c:227  _al_unregister_destructor        [   0.18428] removed dtor for timer 00000000028d90e0
dtor     D               dtor.c:116  _al_run_destructors              [   2.66937] calling dtor for ttf_font 00000000028d97e0, func 00007ffa88b84c05
dtor     D               dtor.c:227  _al_unregister_destructor        [   2.66942] removed dtor for ttf_font 00000000028d97e0
audio-dsound D           dsound.cpp:296  _dsound_close                    [   2.66949] Releasing device
